<?xml version="1.0" encoding="UTF-8"?>
<!-- Generated by org.testng.reporters.JUnitReportReporter -->
<testsuite skipped="0" hostname="smarthi-ORADEV" name="com.oracle.testng.tests.TestNGTest1" tests="1" failures="0" timestamp="16 Mar 2019 02:06:54 GMT" time="0.000" errors="0">
  <testcase name="testCase1" time="0.000" classname="com.oracle.testng.tests.TestNGTest1"/>
</testsuite> <!-- com.oracle.testng.tests.TestNGTest1 -->
